[2025-07-31 07:43:24] === ANÁLISE DO HASH PROBLEMÁTICO ===
[2025-07-31 07:43:24] Password to test | Data: 159Qwaszx753!@*
[2025-07-31 07:43:24] Problematic hash | Data: $2y$10$DCNHZRIb1KdW6G3Y25XBP.O3II2tj7OFzAEmm5yXAHwyn12JUTf7i
[2025-07-31 07:43:24] Hash info | Data: {"algo":"2y","algoName":"bcrypt","options":{"cost":10}}
[2025-07-31 07:43:24] Verification result | Data: FAILED
[2025-07-31 07:43:24] 
=== TESTANDO BCRYPT (que parece ser o tipo do hash problemático) ===
[2025-07-31 07:43:24] BCRYPT hash attempt 1 | Data: $2y$12$LCyNIG5h3hTjmGQ/46mxAOY6dKeTui2ddDJ4I.nexEnvJsx.pudU6
[2025-07-31 07:43:24] BCRYPT verification 1 | Data: SUCCESS
[2025-07-31 07:43:24] BCRYPT hash attempt 2 | Data: $2y$12$saGT472Y3Go7CAftBv/K1ult6EGKAO.zv9peL4ZLd1G.mNiZKZCTq
[2025-07-31 07:43:24] BCRYPT verification 2 | Data: SUCCESS
[2025-07-31 07:43:25] BCRYPT hash attempt 3 | Data: $2y$12$.MhXL3jJJk4ow9jLi4e2i.ks322G6.TUXsEG5H8H72lx4ysSmGkY.
[2025-07-31 07:43:25] BCRYPT verification 3 | Data: SUCCESS
[2025-07-31 07:43:25] BCRYPT hash attempt 4 | Data: $2y$12$1EHHGKsF/xuP/VxepNgG3.kYWbD0Lq04ydtnWJxJ2EILUIafb0UEO
[2025-07-31 07:43:25] BCRYPT verification 4 | Data: SUCCESS
[2025-07-31 07:43:25] BCRYPT hash attempt 5 | Data: $2y$12$h5T4sVe/CThO2CG8QYe3F.lZX6Es/t1eukgrxBUerCXF8nHEMb/vu
[2025-07-31 07:43:25] BCRYPT verification 5 | Data: SUCCESS
[2025-07-31 07:43:25] 
=== TESTE DE ALTERAÇÃO DE SENHA ===
[2025-07-31 07:43:25] Testing various password transformations:
[2025-07-31 07:43:25] Transform: original | Data: 159Qwaszx753!@*
[2025-07-31 07:43:25] Verify with original | Data: FAILED
[2025-07-31 07:43:25] Transform: trimmed | Data: 159Qwaszx753!@*
[2025-07-31 07:43:25] Verify with trimmed | Data: FAILED
[2025-07-31 07:43:25] Transform: htmlspecialchars | Data: 159Qwaszx753!@*
[2025-07-31 07:43:25] Verify with htmlspecialchars | Data: FAILED
[2025-07-31 07:43:25] Transform: htmlentities | Data: 159Qwaszx753!@*
[2025-07-31 07:43:26] Verify with htmlentities | Data: FAILED
[2025-07-31 07:43:26] Transform: stripslashes | Data: 159Qwaszx753!@*
[2025-07-31 07:43:26] Verify with stripslashes | Data: FAILED
[2025-07-31 07:43:26] Transform: addslashes | Data: 159Qwaszx753!@*
[2025-07-31 07:43:26] Verify with addslashes | Data: FAILED
[2025-07-31 07:43:26] Transform: urlencode | Data: 159Qwaszx753%21%40%2A
[2025-07-31 07:43:26] Verify with urlencode | Data: FAILED
[2025-07-31 07:43:26] Transform: base64_encode | Data: MTU5UXdhc3p4NzUzIUAq
[2025-07-31 07:43:26] Verify with base64_encode | Data: FAILED
[2025-07-31 07:43:26] Transform: lowercase | Data: 159qwaszx753!@*
[2025-07-31 07:43:26] Verify with lowercase | Data: FAILED
[2025-07-31 07:43:26] Transform: uppercase | Data: 159QWASZX753!@*
[2025-07-31 07:43:26] Verify with uppercase | Data: FAILED
[2025-07-31 07:43:26] 
=== TENTANDO REGENERAR O HASH EXATO ===
[2025-07-31 07:43:26] Regeneration attempt 1 | Data: $2y$10$4KIbdb0TmGsIcovs1PpPIebYzPhv0Km/13H7D4H70CTuRvv8Oy.Xi
[2025-07-31 07:43:26] Regeneration attempt 2 | Data: $2y$10$4zvk55FwUCePj5yDTwVy7eiFiEmsmuX6XiWS7h/bkrvCb8F3Lvdhe
[2025-07-31 07:43:26] Regeneration attempt 3 | Data: $2y$10$g5LA9uneqGE26yhSzfgMW.cFUyEDYZy8zCKzkN6xpJxhmmJ6I1c9a
[2025-07-31 07:43:26] Regeneration attempt 4 | Data: $2y$10$00gwx4TEUy7OGlS68Ylvoelzq6dP7ooIUR94dp3rpeANHGnNBEedC
[2025-07-31 07:43:26] Regeneration attempt 5 | Data: $2y$10$K1KfiNl2EFipNcsXbYqgxerhkX1ZZjvy5ki3KJEgIBvJVwqUfl.9a
[2025-07-31 07:43:26] Regeneration attempt 6 | Data: $2y$10$cuLNjGAPYVG4nYo5dJwUeekZO8I/p4On.uOkZLkZbCAjjX0j53Ne.
[2025-07-31 07:43:26] Regeneration attempt 7 | Data: $2y$10$5m0olEJkZELlYhxg3P/SZ.YwBCSmZa.rU7Nzkc7T7IcfSWMadD72O
[2025-07-31 07:43:26] Regeneration attempt 8 | Data: $2y$10$Dj4mrJt6x8rTi83VNfUMe.N/gnBQ38Hu3dT/otYBQlvJeowpoR4RC
[2025-07-31 07:43:26] Regeneration attempt 9 | Data: $2y$10$gQKLFH4fjwuDz2trCGZo/OB/GQxc5h155evfsclEEZmnjDbHeOt/q
[2025-07-31 07:43:26] Regeneration attempt 10 | Data: $2y$10$y5AveMgGRdjF8hJ8v4Gg.uIVKAIqwyVZY4qAD6sIWypfOcvmFJdUa
[2025-07-31 07:43:26] 
=== ANALYSIS COMPLETE ===
